time step 0:
[[ 0.07692308  0.07692308  0.07692308  0.07692308]
 [ 0.07692308  0.07692308  0.07692308  0.07692308]
 [ 0.07692308  0.07692308  0.          0.07692308]
 [ 0.          0.          0.07692308  0.07692308]]

time step 1:
[[ 0.22680412  0.22680412  0.01030928  0.01030928]
 [ 0.01030928  0.01030928  0.01030928  0.01030928]
 [ 0.22680412  0.22680412  0.          0.01030928]
 [ 0.          0.          0.01030928  0.01030928]]

time step 2:
[[ 0.26439462  0.18152466  0.0044843   0.00071749]
 [ 0.00825112  0.00825112  0.00071749  0.00071749]
 [ 0.26439462  0.26439462  0.          0.00071749]
 [ 0.          0.          0.00071749  0.00071749]]

time step 3:
[[  8.60099622e-02   5.48995191e-02   4.93601855e-01   7.94400550e-04]
 [  6.52696668e-02   5.44486431e-02   3.73153555e-02   7.55754036e-03]
 [  9.59292339e-02   9.59292339e-02   0.00000000e+00   7.55754036e-03]
 [  0.00000000e+00   0.00000000e+00   3.43524562e-04   3.43524562e-04]]

time step 4:
[[  1.45659385e-02   3.43453890e-02   2.92431898e-02   5.51375731e-01]
 [  1.50379481e-02   2.77924827e-01   2.95578629e-02   2.65331482e-03]
 [  1.76002860e-02   1.70608464e-02   0.00000000e+00   1.14737938e-03]
 [  0.00000000e+00   0.00000000e+00   6.85002617e-05   9.41878598e-03]]

time step 5:
[[  2.10818416e-03   9.56096017e-03   3.80728397e-01   3.04660301e-02]
 [  8.72992344e-03   2.57771689e-03   2.00476108e-01   3.45410845e-01]
 [  1.80703142e-03   8.85122945e-03   0.00000000e+00   8.48670790e-03]
 [  0.00000000e+00   0.00000000e+00   2.58418310e-04   5.38448115e-04]]

time step 6:
[[  3.98627065e-04   6.99542656e-03   2.42058566e-01   1.39398592e-02]
 [  2.69612763e-04   4.03135770e-03   3.62053668e-01   2.27878751e-01]
 [  3.75389526e-04   3.91187632e-04   0.00000000e+00   1.41410330e-01]
 [  0.00000000e+00   0.00000000e+00   2.32670604e-05   1.73958331e-04]]

time step 7:
[[  1.32035103e-04   4.15127323e-03   2.25199034e-01   8.15268307e-03]
 [  8.31123850e-05   6.05468955e-03   3.01211376e-01   2.68518661e-01]
 [  2.31172480e-05   8.49815658e-05   0.00000000e+00   1.84063108e-01]
 [  0.00000000e+00   0.00000000e+00   3.99201696e-06   2.32193690e-03]]

time step 8:
[[  1.79295921e-04   9.38785011e-03   2.14716543e-02   4.47218173e-01]
 [  2.50819632e-04   2.67907300e-01   3.19249819e-02   3.03690387e-02]
 [  8.54253498e-06   2.49018709e-04   0.00000000e+00   2.54674376e-02]
 [  0.00000000e+00   0.00000000e+00   9.30232702e-05   1.65472864e-01]]

time step 9:
[[  7.62215546e-04   2.27923780e-02   3.88838436e-02   7.21464638e-02]
 [  4.50105671e-01   3.18789972e-03   2.68124032e-02   4.07881487e-02]
 [  3.94114985e-05   2.04645272e-02   0.00000000e+00   1.88148620e-02]
 [  0.00000000e+00   0.00000000e+00   2.78021276e-01   2.71808993e-02]]
