time step 0:
[[ 0.          0.07142857  0.07142857  0.07142857  0.07142857]
 [ 0.07142857  0.07142857  0.          0.          0.        ]
 [ 0.07142857  0.07142857  0.07142857  0.07142857  0.        ]
 [ 0.07142857  0.07142857  0.07142857  0.          0.        ]
 [ 0.          0.          0.07142857  0.          0.        ]]

time step 1:
[[ 0.          0.18487395  0.18487395  0.18487395  0.18487395]
 [ 0.00840336  0.00840336  0.          0.          0.        ]
 [ 0.00840336  0.00840336  0.00840336  0.00840336  0.        ]
 [ 0.00840336  0.00840336  0.00840336  0.          0.        ]
 [ 0.          0.          0.18487395  0.          0.        ]]

time step 2:
[[ 0.          0.05731394  0.07527802  0.07527802  0.07527802]
 [ 0.00342173  0.0213858   0.          0.          0.        ]
 [ 0.00342173  0.00342173  0.00342173  0.00342173  0.        ]
 [ 0.07527802  0.07527802  0.4704876   0.          0.        ]
 [ 0.          0.          0.05731394  0.          0.        ]]

time step 3:
[[  0.00000000e+00   6.09530390e-03   8.16820077e-03   8.68642499e-03
    8.68642499e-03]
 [  9.13061718e-04   2.46773437e-03   0.00000000e+00   0.00000000e+00
    0.00000000e+00]
 [  2.46773437e-03   2.98595859e-03   1.38686672e-02   3.94837500e-04
    0.00000000e+00]
 [  1.45497619e-01   3.96318140e-01   3.84917208e-01   0.00000000e+00
    0.00000000e+00]
 [  0.00000000e+00   0.00000000e+00   1.85326851e-02   0.00000000e+00
    0.00000000e+00]]

time step 4:
[[  0.00000000e+00   9.25337748e-04   1.26146043e-03   1.38750644e-03
    1.40851411e-03]
 [  2.74100047e-04   5.05184392e-04   0.00000000e+00   0.00000000e+00
    0.00000000e+00]
 [  1.35437435e-01   3.70219130e-01   3.58664913e-01   1.34249001e-02
    0.00000000e+00]
 [  2.79622062e-02   3.76887564e-02   3.29830388e-02   0.00000000e+00
    0.00000000e+00]
 [  0.00000000e+00   0.00000000e+00   1.78575180e-02   0.00000000e+00
    0.00000000e+00]]

time step 5:
[[ 0.          0.01277917  0.01708366  0.01923591  0.01982963]
 [ 0.02191778  0.05972375  0.          0.          0.        ]
 [ 0.08573286  0.08547648  0.12449688  0.06406198  0.        ]
 [ 0.03678109  0.07528873  0.07181073  0.          0.        ]
 [ 0.          0.          0.30578134  0.          0.        ]]

time step 6:
[[ 0.          0.00870977  0.00563112  0.00641413  0.00669829]
 [ 0.35432963  0.33674347  0.          0.          0.        ]
 [ 0.0195617   0.02937488  0.02942625  0.0269449   0.        ]
 [ 0.01995952  0.0229182   0.04912608  0.          0.        ]
 [ 0.          0.          0.08416206  0.          0.        ]]

time step 7:
[[ 0.          0.00863301  0.00063312  0.00060364  0.00063606]
 [ 0.56216766  0.38490385  0.          0.          0.        ]
 [ 0.010155    0.00980526  0.00323616  0.00264563  0.        ]
 [ 0.0019771   0.0029124   0.00445412  0.          0.        ]
 [ 0.          0.          0.00723698  0.          0.        ]]

time step 8:
[[  0.00000000e+00   7.16948370e-03   1.86940641e-04   4.40785211e-05
    4.47081019e-05]
 [  5.94960788e-01   3.78072042e-01   0.00000000e+00   0.00000000e+00
    0.00000000e+00]
 [  1.03964760e-02   7.14108416e-03   3.58492570e-04   1.98869211e-04
    0.00000000e+00]
 [  3.02967372e-04   3.40830721e-04   3.17527776e-04   0.00000000e+00
    0.00000000e+00]
 [  0.00000000e+00   0.00000000e+00   4.65711299e-04   0.00000000e+00
    0.00000000e+00]]

time step 9:
[[  0.00000000e+00   6.93727359e-01   1.34071437e-02   5.65102346e-04
    3.14887473e-04]
 [  1.26774662e-01   7.93024017e-02   0.00000000e+00   0.00000000e+00
    0.00000000e+00]
 [  4.92195686e-02   3.12575590e-02   6.43834728e-04   7.67126615e-05
    0.00000000e+00]
 [  9.11077433e-04   6.50777203e-04   1.19077878e-04   0.00000000e+00
    0.00000000e+00]
 [  0.00000000e+00   0.00000000e+00   3.02983679e-03   0.00000000e+00
    0.00000000e+00]]

time step 10:
[[  0.00000000e+00   1.25544440e-01   6.11627675e-02   1.25973561e-03
    1.28055092e-04]
 [  3.24064887e-02   7.89707316e-02   0.00000000e+00   0.00000000e+00
    0.00000000e+00]
 [  3.88430666e-01   2.42236967e-01   5.98931540e-02   1.63082786e-03
    0.00000000e+00]
 [  4.38444988e-03   2.79377401e-03   3.76890641e-04   0.00000000e+00
    0.00000000e+00]
 [  0.00000000e+00   0.00000000e+00   7.81053212e-04   0.00000000e+00
    0.00000000e+00]]
