time step 0:
[[ 0.07692308  0.07692308  0.07692308  0.07692308]
 [ 0.07692308  0.07692308  0.07692308  0.07692308]
 [ 0.07692308  0.07692308  0.          0.07692308]
 [ 0.          0.          0.07692308  0.07692308]]

time step 1:
[[ 0.39500254  0.41785307  0.02136826  0.0066857 ]
 [ 0.00205706  0.01920837  0.00593074  0.00802985]
 [ 0.04927902  0.06191566  0.          0.00743728]
 [ 0.          0.          0.00118747  0.00404497]]

time step 2:
[[  5.19563621e-02   7.53682289e-01   3.23370876e-02   6.64707870e-03]
 [  8.89041347e-04   2.48387247e-02   8.11442574e-03   8.27472042e-03]
 [  4.83936782e-02   5.19947571e-02   0.00000000e+00   9.08318799e-03]
 [  0.00000000e+00   0.00000000e+00   4.80617734e-04   3.30802924e-03]]

time step 3:
[[  1.78935746e-03   4.59314505e-02   7.56444754e-01   2.30976467e-03]
 [  4.98322504e-02   6.25142726e-03   3.86486827e-02   1.30087512e-02]
 [  1.03009590e-04   7.32449717e-02   0.00000000e+00   1.12637320e-02]
 [  0.00000000e+00   0.00000000e+00   3.75311381e-04   7.96536795e-04]]

time step 4:
[[  1.33170823e-04   1.33770875e-02   3.18393218e-02   6.85937761e-01]
 [  1.43644637e-04   1.93227229e-01   5.59899869e-02   6.62794439e-03]
 [  1.89357580e-05   1.67817739e-04   0.00000000e+00   3.17531354e-03]
 [  0.00000000e+00   0.00000000e+00   1.18296501e-06   9.36060393e-03]]

time step 5:
[[  1.19871075e-05   2.99755132e-03   2.39794639e-01   2.53300604e-02]
 [  1.36249286e-04   8.51154631e-04   2.32808933e-01   4.83779458e-01]
 [  7.69929855e-06   1.41091524e-04   0.00000000e+00   1.38256362e-02]
 [  0.00000000e+00   0.00000000e+00   5.86036951e-06   3.09680485e-04]]

time step 6:
[[  2.70989200e-05   1.00924573e-03   1.84682371e-01   3.30772302e-03]
 [  1.10024347e-05   2.83985202e-03   3.02721025e-01   3.07467975e-01]
 [  2.55192174e-05   2.49578771e-05   0.00000000e+00   1.97745450e-01]
 [  0.00000000e+00   0.00000000e+00   3.96469492e-06   1.33815044e-04]]

time step 7:
[[  3.16971485e-05   7.35450707e-03   6.84337310e-02   4.55850125e-03]
 [  1.57851771e-04   6.80765126e-04   5.14412345e-01   8.15977472e-02]
 [  5.54966693e-06   1.50555623e-04   0.00000000e+00   3.14345148e-01]
 [  0.00000000e+00   0.00000000e+00   9.11036989e-06   8.26249109e-03]]

time step 8:
[[  3.41748931e-04   2.86301013e-03   6.54820466e-03   1.36388006e-01]
 [  4.78077474e-04   5.10647608e-01   9.73615319e-03   9.26163758e-03]
 [  1.62825913e-05   7.59431690e-05   0.00000000e+00   7.76679763e-03]
 [  0.00000000e+00   0.00000000e+00   4.75185470e-04   3.15401344e-01]]

time step 9:
[[  7.62215546e-04   2.27923780e-02   3.88838436e-02   7.21464638e-02]
 [  4.50105671e-01   3.18789972e-03   2.68124032e-02   4.07881487e-02]
 [  3.94114985e-05   2.04645272e-02   0.00000000e+00   1.88148620e-02]
 [  0.00000000e+00   0.00000000e+00   2.78021276e-01   2.71808993e-02]]

