time step 0:
[[ 0.          0.07142857  0.07142857  0.07142857  0.07142857]
 [ 0.07142857  0.07142857  0.          0.          0.        ]
 [ 0.07142857  0.07142857  0.07142857  0.07142857  0.        ]
 [ 0.07142857  0.07142857  0.07142857  0.          0.        ]
 [ 0.          0.          0.07142857  0.          0.        ]]

time step 1:
[[ 0.          0.01660409  0.01075575  0.00510371  0.00174282]
 [ 0.00212794  0.00159142  0.          0.          0.        ]
 [ 0.06823744  0.04679518  0.02118201  0.00048057  0.        ]
 [ 0.17777781  0.13152121  0.0653567   0.          0.        ]
 [ 0.          0.          0.45072336  0.          0.        ]]

time step 2:
[[  0.00000000e+00   1.29546756e-02   1.08237519e-02   4.36039311e-03
    8.70298235e-04]
 [  1.11571803e-03   6.12568486e-03   0.00000000e+00   0.00000000e+00
    0.00000000e+00]
 [  5.30022587e-03   3.49642536e-03   1.16411834e-03   2.52715126e-04
    0.00000000e+00]
 [  2.63037375e-01   1.79736260e-01   4.98842412e-01   0.00000000e+00
    0.00000000e+00]
 [  0.00000000e+00   0.00000000e+00   1.19199464e-02   0.00000000e+00
    0.00000000e+00]]

time step 3:
[[  0.00000000e+00   1.24043523e-02   1.06452267e-02   2.97634271e-03
    1.68283410e-04]
 [  2.48284902e-03   6.07524612e-03   0.00000000e+00   0.00000000e+00
    0.00000000e+00]
 [  8.39689910e-03   8.10105354e-03   2.15571853e-02   1.32377603e-04
    0.00000000e+00]
 [  2.96684735e-01   5.04449643e-01   1.25810028e-01   0.00000000e+00
    0.00000000e+00]
 [  0.00000000e+00   0.00000000e+00   1.15779073e-04   0.00000000e+00
    0.00000000e+00]]

time step 4:
[[  0.00000000e+00   1.49045208e-02   9.97101016e-03   3.23671892e-04
    1.14853721e-04]
 [  1.11634207e-03   5.09385140e-03   0.00000000e+00   0.00000000e+00
    0.00000000e+00]
 [  3.00738046e-01   5.12707480e-01   1.24503470e-01   1.28902038e-04
    0.00000000e+00]
 [  1.53078823e-02   1.33992917e-02   9.43635519e-04   0.00000000e+00
    0.00000000e+00]
 [  0.00000000e+00   0.00000000e+00   7.47042780e-04   0.00000000e+00
    0.00000000e+00]]

time step 5:
[[  0.00000000e+00   2.72922803e-02   8.14454548e-04   1.23074242e-04
    1.10276300e-04]
 [  1.84397271e-01   3.15730947e-01   0.00000000e+00   0.00000000e+00
    0.00000000e+00]
 [  2.78621440e-01   1.80109921e-01   5.47775106e-03   3.37278052e-04
    0.00000000e+00]
 [  2.12465260e-03   3.29580699e-03   3.82553977e-04   0.00000000e+00
    0.00000000e+00]
 [  0.00000000e+00   0.00000000e+00   1.18229351e-03   0.00000000e+00
    0.00000000e+00]]

time step 6:
[[  0.00000000e+00   4.27913006e-03   1.48695625e-04   1.03925932e-04
    1.09757789e-04]
 [  5.97167236e-01   3.68759112e-01   0.00000000e+00   0.00000000e+00
    0.00000000e+00]
 [  1.23751654e-02   1.38612066e-02   6.43987239e-04   3.59203589e-04
    0.00000000e+00]
 [  2.73398115e-04   4.32947084e-04   4.92820031e-04   0.00000000e+00
    0.00000000e+00]
 [  0.00000000e+00   0.00000000e+00   9.93414174e-04   0.00000000e+00
    0.00000000e+00]]

time step 7:
[[  0.00000000e+00   5.21096238e-03   1.03254064e-04   1.03058060e-04
    1.08593743e-04]
 [  6.48529736e-01   3.34262346e-01   0.00000000e+00   0.00000000e+00
    0.00000000e+00]
 [  3.80240449e-03   5.39422234e-03   3.62971779e-04   3.91051939e-04
    0.00000000e+00]
 [  1.21065934e-04   2.15417604e-04   4.54212624e-04   0.00000000e+00
    0.00000000e+00]
 [  0.00000000e+00   0.00000000e+00   9.40703507e-04   0.00000000e+00
    0.00000000e+00]]

time step 8:
[[  0.00000000e+00   1.41153420e-02   4.48282797e-04   1.05700091e-04
    1.07209823e-04]
 [  4.90432673e-01   4.73912395e-01   0.00000000e+00   0.00000000e+00
    0.00000000e+00]
 [  1.00572716e-02   7.92971243e-03   5.51943064e-04   4.48436780e-04
    0.00000000e+00]
 [  2.49739313e-04   2.80950485e-04   4.43446533e-04   0.00000000e+00
    0.00000000e+00]
 [  0.00000000e+00   0.00000000e+00   9.16896468e-04   0.00000000e+00
    0.00000000e+00]]

time step 9:
[[  0.00000000e+00   2.35362019e-01   4.54866365e-03   1.91723200e-04
    1.06832390e-04]
 [  2.68819047e-01   1.68156600e-01   0.00000000e+00   0.00000000e+00
    0.00000000e+00]
 [  1.92036244e-01   1.21955238e-01   3.65878398e-03   5.72581472e-04
    0.00000000e+00]
 [  1.93189210e-03   1.37993906e-03   2.52498418e-04   0.00000000e+00
    0.00000000e+00]
 [  0.00000000e+00   0.00000000e+00   1.02793770e-03   0.00000000e+00
    0.00000000e+00]]

time step 10:
[[  0.00000000e+00   1.25544440e-01   6.11627675e-02   1.25973561e-03
    1.28055092e-04]
 [  3.24064887e-02   7.89707316e-02   0.00000000e+00   0.00000000e+00
    0.00000000e+00]
 [  3.88430666e-01   2.42236967e-01   5.98931540e-02   1.63082786e-03
    0.00000000e+00]
 [  4.38444988e-03   2.79377401e-03   3.76890641e-04   0.00000000e+00
    0.00000000e+00]
 [  0.00000000e+00   0.00000000e+00   7.81053212e-04   0.00000000e+00
    0.00000000e+00]]

